<?xml version="1.0" encoding="UTF-8"?>
<!-- Generated by org.testng.reporters.JUnitReportReporter -->
<testsuite hostname="DESKTOP-DPPHA7U" failures="0" tests="2" name="RestTesting.TestNG" time="0.006" errors="0" timestamp="14 Mar 2022 19:35:13 GMT">
  <testcase classname="RestTesting.TestNG" name="testcase2" time="0.001"/>
  <testcase classname="RestTesting.TestNG" name="testcase1" time="0.005"/>
</testsuite> <!-- RestTesting.TestNG -->
