<?xml version="1.0" encoding="UTF-8"?>
<!-- Generated by org.testng.reporters.JUnitReportReporter -->
<testsuite hostname="DESKTOP-DPPHA7U" failures="0" tests="3" name="RestTesting.E_commerce" time="15.029" errors="0" timestamp="15 Mar 2022 16:56:45 GMT">
  <testcase classname="RestTesting.E_commerce" name="signup" time="7.498"/>
  <testcase classname="RestTesting.E_commerce" name="Login" time="4.625"/>
  <testcase classname="RestTesting.E_commerce" name="Getallusers" time="2.906"/>
</testsuite> <!-- RestTesting.E_commerce -->
