<?xml version="1.0" encoding="UTF-8"?>
<!-- Generated by org.testng.reporters.JUnitReportReporter -->
<testsuite hostname="DESKTOP-DPPHA7U" failures="0" tests="3" name="RestTesting.Trello" time="8.718" errors="0" timestamp="16 Mar 2022 11:01:02 GMT">
  <testcase classname="RestTesting.Trello" name="DeleteBoard" time="2.926"/>
  <testcase classname="RestTesting.Trello" name="getBoard" time="1.180"/>
  <testcase classname="RestTesting.Trello" name="createBoard" time="4.612"/>
</testsuite> <!-- RestTesting.Trello -->
