<?xml version="1.0" encoding="UTF-8"?>
<!-- Generated by org.testng.reporters.JUnitReportReporter -->
<testsuite hostname="DESKTOP-DPPHA7U" failures="0" tests="3" name="RestTesting.Trello" time="5.063" errors="0" timestamp="15 Mar 2022 09:32:06 GMT">
  <testcase classname="RestTesting.Trello" name="DeleteBoard" time="0.959"/>
  <testcase classname="RestTesting.Trello" name="getBoard" time="0.867"/>
  <testcase classname="RestTesting.Trello" name="createBoard" time="3.237"/>
</testsuite> <!-- RestTesting.Trello -->
