<?xml version="1.0" encoding="UTF-8"?>
<!-- Generated by org.testng.reporters.JUnitReportReporter -->
<testsuite hostname="DESKTOP-DPPHA7U" failures="0" tests="2" name="RestTesting.E_commerce" time="9.126" errors="0" timestamp="16 Mar 2022 11:00:36 GMT">
  <testcase classname="RestTesting.E_commerce" name="Getallusers" time="2.857"/>
  <testcase classname="RestTesting.E_commerce" name="Login" time="6.269"/>
</testsuite> <!-- RestTesting.E_commerce -->
